<?xml version="1.0" encoding="UTF-8"?>
<!-- Generated by org.testng.reporters.JUnitReportReporter -->
<testsuite hostname="DESKTOP-AK72CGG" failures="0" tests="1" name="Git.Adduser" time="3.323" errors="0" timestamp="2023-05-12T06:15:45 PDT" skipped="0">
  <testcase classname="Git.Adduser" name="Post" time="3.323"/>
  <system-out/>
</testsuite> <!-- Git.Adduser -->
